#
# There is insufficient memory for the Java Runtime Environment to continue.
# Native memory allocation (malloc) failed to allocate 2002096 bytes for Chunk::new
# Possible reasons:
#   The system is out of physical RAM or swap space
#   The process is running with CompressedOops enabled, and the Java Heap may be blocking the growth of the native heap
# Possible solutions:
#   Reduce memory load on the system
#   Increase physical memory or swap space
#   Check if swap backing store is full
#   Decrease Java heap size (-Xmx/-Xms)
#   Decrease number of Java threads
#   Decrease Java thread stack sizes (-Xss)
#   Set larger code cache with -XX:ReservedCodeCacheSize=
#   JVM is running with Zero Based Compressed Oops mode in which the Java heap is
#     placed in the first 32GB address space. The Java Heap base address is the
#     maximum limit for the native heap growth. Please use -XX:HeapBaseMinAddress
#     to set the Java Heap base and to place the Java Heap above 32GB virtual address.
# This output file may be truncated or incomplete.
#
#  Out of Memory Error (./src/hotspot/share/memory/arena.cpp:197), pid=7876, tid=22168
#
# JRE version: OpenJDK Runtime Environment 18.9 (11.0.13+8) (build 11.0.13+8)
# Java VM: OpenJDK 64-Bit Server VM 18.9 (11.0.13+8, mixed mode, tiered, compressed oops, g1 gc, windows-amd64)
# No core dump will be written. Minidumps are not enabled by default on client versions of Windows
#

---------------  S U M M A R Y ------------

Command Line: org.jetbrains.kotlin.cli.jvm.K2JVMCompiler @D:\Data\workspace\doroos\doroos-app\mobileapp\node_modules\react-native-screens\android\build\20220527_15455976036197952553.compiler.options

Host: Intel(R) Core(TM) i7-10750H CPU @ 2.60GHz, 12 cores, 15G,  Windows 10 , 64 bit Build 19041 (10.0.19041.1706)
Time: Fri May 27 17:47:25 2022 W. Central Africa Standard Time elapsed time: 4.118106 seconds (0d 0h 0m 4s)

---------------  T H R E A D  ---------------

Current thread (0x000001d1544f1000):  JavaThread "C2 CompilerThread2" daemon [_thread_in_native, id=22168, stack(0x0000008bd3500000,0x0000008bd3600000)]


Current CompileTask:
C2:   4118 6771       4       org.jetbrains.kotlin.descriptors.impl.AbstractReceiverParameterDescriptor::substitute (94 bytes)

Stack: [0x0000008bd3500000,0x0000008bd3600000]
Native frames: (J=compiled Java code, j=interpreted, Vv=VM code, C=native code)
V  [jvm.dll+0x64b92a]
V  [jvm.dll+0x78e4e9]
V  [jvm.dll+0x78fbcc]
V  [jvm.dll+0x790293]
V  [jvm.dll+0x265118]
V  [jvm.dll+0xc9e01]
V  [jvm.dll+0xca3bc]
V  [jvm.dll+0x37a9d7]
V  [jvm.dll+0x346573]
V  [jvm.dll+0x34589a]
V  [jvm.dll+0x21da75]
V  [jvm.dll+0x21cc4a]
V  [jvm.dll+0x19d971]
V  [jvm.dll+0x22c754]
V  [jvm.dll+0x22a9e1]
V  [jvm.dll+0x74ff8c]
V  [jvm.dll+0x748b7d]
V  [jvm.dll+0x64a5f6]
C  [ucrtbase.dll+0x21bb2]
C  [KERNEL32.DLL+0x17034]
C  [ntdll.dll+0x52651]


---------------  P R O C E S S  ---------------

Threads class SMR info:
_java_thread_list=0x000001d1544d7a50, length=12, elements={
0x000001d12f971000, 0x000001d153a5c800, 0x000001d153a65800, 0x000001d154377800,
0x000001d15437a800, 0x000001d15437c000, 0x000001d154380000, 0x000001d154328000,
0x000001d154329800, 0x000001d1544f3800, 0x000001d15450d800, 0x000001d1544f1000
}

Java Threads: ( => current thread )
  0x000001d12f971000 JavaThread "main" [_thread_in_Java, id=10844, stack(0x0000008bd2300000,0x0000008bd2400000)]
  0x000001d153a5c800 JavaThread "Reference Handler" daemon [_thread_blocked, id=18092, stack(0x0000008bd2a00000,0x0000008bd2b00000)]
  0x000001d153a65800 JavaThread "Finalizer" daemon [_thread_blocked, id=1208, stack(0x0000008bd2b00000,0x0000008bd2c00000)]
  0x000001d154377800 JavaThread "Signal Dispatcher" daemon [_thread_blocked, id=20572, stack(0x0000008bd2c00000,0x0000008bd2d00000)]
  0x000001d15437a800 JavaThread "Attach Listener" daemon [_thread_blocked, id=5580, stack(0x0000008bd2d00000,0x0000008bd2e00000)]
  0x000001d15437c000 JavaThread "Service Thread" daemon [_thread_blocked, id=22100, stack(0x0000008bd2e00000,0x0000008bd2f00000)]
  0x000001d154380000 JavaThread "C2 CompilerThread0" daemon [_thread_in_native, id=23004, stack(0x0000008bd2f00000,0x0000008bd3000000)]
  0x000001d154328000 JavaThread "C1 CompilerThread0" daemon [_thread_blocked, id=24456, stack(0x0000008bd3000000,0x0000008bd3100000)]
  0x000001d154329800 JavaThread "Sweeper thread" daemon [_thread_blocked, id=18304, stack(0x0000008bd3100000,0x0000008bd3200000)]
  0x000001d1544f3800 JavaThread "Common-Cleaner" daemon [_thread_blocked, id=18104, stack(0x0000008bd3300000,0x0000008bd3400000)]
  0x000001d15450d800 JavaThread "C2 CompilerThread1" daemon [_thread_in_native, id=2984, stack(0x0000008bd3400000,0x0000008bd3500000)]
=>0x000001d1544f1000 JavaThread "C2 CompilerThread2" daemon [_thread_in_native, id=22168, stack(0x0000008bd3500000,0x0000008bd3600000)]

Other Threads:
  0x000001d153a59800 VMThread "VM Thread" [stack: 0x0000008bd2900000,0x0000008bd2a00000] [id=4584]
  0x000001d1544e3000 WatcherThread [stack: 0x0000008bd3200000,0x0000008bd3300000] [id=21244]
  0x000001d12f987800 GCTaskThread "GC Thread#0" [stack: 0x0000008bd2400000,0x0000008bd2500000] [id=3464]
  0x000001d154cde800 GCTaskThread "GC Thread#1" [stack: 0x0000008bd3600000,0x0000008bd3700000] [id=20736]
  0x000001d154cdf000 GCTaskThread "GC Thread#2" [stack: 0x0000008bd3700000,0x0000008bd3800000] [id=6748]
  0x000001d154ce0000 GCTaskThread "GC Thread#3" [stack: 0x0000008bd3800000,0x0000008bd3900000] [id=7316]
  0x000001d154ce0800 GCTaskThread "GC Thread#4" [stack: 0x0000008bd3900000,0x0000008bd3a00000] [id=15776]
  0x000001d154ce1800 GCTaskThread "GC Thread#5" [stack: 0x0000008bd3a00000,0x0000008bd3b00000] [id=24020]
  0x000001d12f9e4800 ConcurrentGCThread "G1 Main Marker" [stack: 0x0000008bd2500000,0x0000008bd2600000] [id=16876]
  0x000001d12f9e6000 ConcurrentGCThread "G1 Conc#0" [stack: 0x0000008bd2600000,0x0000008bd2700000] [id=22580]
  0x000001d155822800 ConcurrentGCThread "G1 Conc#1" [stack: 0x0000008bd3b00000,0x0000008bd3c00000] [id=6372]
  0x000001d154dff800 ConcurrentGCThread "G1 Conc#2" [stack: 0x0000008bd3c00000,0x0000008bd3d00000] [id=11124]
  0x000001d15393f000 ConcurrentGCThread "G1 Refine#0" [stack: 0x0000008bd2700000,0x0000008bd2800000] [id=22336]
  0x000001d1556d6800 ConcurrentGCThread "G1 Refine#1" [stack: 0x0000008bd3d00000,0x0000008bd3e00000] [id=23368]
  0x000001d157ba4800 ConcurrentGCThread "G1 Refine#2" [stack: 0x0000008bd3e00000,0x0000008bd3f00000] [id=22028]
  0x000001d153940000 ConcurrentGCThread "G1 Young RemSet Sampling" [stack: 0x0000008bd2800000,0x0000008bd2900000] [id=13740]

Threads with active compile tasks:
C2 CompilerThread0   4132 6622       4       org.jetbrains.kotlin.load.java.structure.impl.classFiles.BinaryJavaMethodBase$Companion::create (489 bytes)
C2 CompilerThread1   4132 6911       4       org.jetbrains.kotlin.load.java.lazy.LazyJavaAnnotations::findAnnotation (69 bytes)
C2 CompilerThread2   4132 6771       4       org.jetbrains.kotlin.descriptors.impl.AbstractReceiverParameterDescriptor::substitute (94 bytes)

VM state:not at safepoint (normal execution)

VM Mutex/Monitor currently owned by a thread: None

Heap address: 0x0000000702000000, size: 4064 MB, Compressed Oops mode: Zero based, Oop shift amount: 3
Narrow klass base: 0x0000000800000000, Narrow klass shift: 0
Compressed class space size: 1073741824 Address: 0x0000000800000000

Heap:
 garbage-first heap   total 260096K, used 133442K [0x0000000702000000, 0x0000000800000000)
  region size 1024K, 113 young (115712K), 12 survivors (12288K)
 Metaspace       used 56607K, capacity 57231K, committed 57392K, reserved 1099776K
  class space    used 6602K, capacity 6863K, committed 6960K, reserved 1048576K
Heap Regions: E=young(eden), S=young(survivor), O=old, HS=humongous(starts), HC=humongous(continues), CS=collection set, F=free, A=archive, TAMS=top-at-mark-start (previous, next)
|   0|0x0000000702000000, 0x0000000702100000, 0x0000000702100000|100%|HS|  |TAMS 0x0000000702100000, 0x0000000702000000| Complete 
|   1|0x0000000702100000, 0x0000000702200000, 0x0000000702200000|100%|HC|  |TAMS 0x0000000702200000, 0x0000000702100000| Complete 
|   2|0x0000000702200000, 0x0000000702300000, 0x0000000702300000|100%|HC|  |TAMS 0x0000000702300000, 0x0000000702200000| Complete 
|   3|0x0000000702300000, 0x0000000702400000, 0x0000000702400000|100%| O|  |TAMS 0x0000000702400000, 0x0000000702300000| Untracked 
|   4|0x0000000702400000, 0x0000000702500000, 0x0000000702500000|100%| O|  |TAMS 0x0000000702500000, 0x0000000702400000| Untracked 
|   5|0x0000000702500000, 0x0000000702600000, 0x0000000702600000|100%| O|  |TAMS 0x0000000702600000, 0x0000000702500000| Untracked 
|   6|0x0000000702600000, 0x0000000702700000, 0x0000000702700000|100%| O|  |TAMS 0x0000000702700000, 0x0000000702600000| Untracked 
|   7|0x0000000702700000, 0x0000000702800000, 0x0000000702800000|100%|HS|  |TAMS 0x0000000702800000, 0x0000000702700000| Complete 
|   8|0x0000000702800000, 0x0000000702900000, 0x0000000702900000|100%|HC|  |TAMS 0x0000000702900000, 0x0000000702800000| Complete 
|   9|0x0000000702900000, 0x0000000702a00000, 0x0000000702a00000|100%| O|  |TAMS 0x0000000702a00000, 0x0000000702900000| Untracked 
|  10|0x0000000702a00000, 0x0000000702b00000, 0x0000000702b00000|100%| O|  |TAMS 0x0000000702b00000, 0x0000000702a00000| Untracked 
|  11|0x0000000702b00000, 0x0000000702c00000, 0x0000000702c00000|100%| O|  |TAMS 0x0000000702c00000, 0x0000000702b00000| Untracked 
|  12|0x0000000702c00000, 0x0000000702d00000, 0x0000000702d00000|100%| O|  |TAMS 0x0000000702d00000, 0x0000000702c00000| Untracked 
|  13|0x0000000702d00000, 0x0000000702e00000, 0x0000000702e00000|100%| O|  |TAMS 0x0000000702e00000, 0x0000000702d00000| Untracked 
|  14|0x0000000702e00000, 0x0000000702f00000, 0x0000000702f00000|100%| O|  |TAMS 0x0000000702f00000, 0x0000000702e00000| Untracked 
|  15|0x0000000702f00000, 0x0000000703000000, 0x0000000703000000|100%| O|  |TAMS 0x0000000703000000, 0x0000000702f00000| Untracked 
|  16|0x0000000703000000, 0x0000000703100000, 0x0000000703100000|100%| O|  |TAMS 0x0000000703100000, 0x0000000703000000| Untracked 
|  17|0x0000000703100000, 0x0000000703200000, 0x0000000703200000|100%| O|  |TAMS 0x00000007031cb600, 0x0000000703100000| Untracked 
|  18|0x0000000703200000, 0x0000000703200000, 0x0000000703300000|  0%| F|  |TAMS 0x0000000703200000, 0x0000000703200000| Untracked 
|  19|0x0000000703300000, 0x0000000703350a00, 0x0000000703400000| 31%| O|  |TAMS 0x0000000703300000, 0x0000000703300000| Untracked 
|  20|0x0000000703400000, 0x0000000703400000, 0x0000000703500000|  0%| F|  |TAMS 0x0000000703400000, 0x0000000703400000| Untracked 
|  21|0x0000000703500000, 0x0000000703500000, 0x0000000703600000|  0%| F|  |TAMS 0x0000000703500000, 0x0000000703500000| Untracked 
|  22|0x0000000703600000, 0x0000000703600000, 0x0000000703700000|  0%| F|  |TAMS 0x0000000703600000, 0x0000000703600000| Untracked 
|  23|0x0000000703700000, 0x0000000703700000, 0x0000000703800000|  0%| F|  |TAMS 0x0000000703700000, 0x0000000703700000| Untracked 
|  24|0x0000000703800000, 0x0000000703800000, 0x0000000703900000|  0%| F|  |TAMS 0x0000000703800000, 0x0000000703800000| Untracked 
|  25|0x0000000703900000, 0x0000000703900000, 0x0000000703a00000|  0%| F|  |TAMS 0x0000000703900000, 0x0000000703900000| Untracked 
|  26|0x0000000703a00000, 0x0000000703a00000, 0x0000000703b00000|  0%| F|  |TAMS 0x0000000703a00000, 0x0000000703a00000| Untracked 
|  27|0x0000000703b00000, 0x0000000703b00000, 0x0000000703c00000|  0%| F|  |TAMS 0x0000000703b00000, 0x0000000703b00000| Untracked 
|  28|0x0000000703c00000, 0x0000000703c00000, 0x0000000703d00000|  0%| F|  |TAMS 0x0000000703c00000, 0x0000000703c00000| Untracked 
|  29|0x0000000703d00000, 0x0000000703d00000, 0x0000000703e00000|  0%| F|  |TAMS 0x0000000703d00000, 0x0000000703d00000| Untracked 
|  30|0x0000000703e00000, 0x0000000703e00000, 0x0000000703f00000|  0%| F|  |TAMS 0x0000000703e00000, 0x0000000703e00000| Untracked 
|  31|0x0000000703f00000, 0x0000000703f00000, 0x0000000704000000|  0%| F|  |TAMS 0x0000000703f00000, 0x0000000703f00000| Untracked 
|  32|0x0000000704000000, 0x0000000704000000, 0x0000000704100000|  0%| F|  |TAMS 0x0000000704000000, 0x0000000704000000| Untracked 
|  33|0x0000000704100000, 0x0000000704100000, 0x0000000704200000|  0%| F|  |TAMS 0x0000000704100000, 0x0000000704100000| Untracked 
|  34|0x0000000704200000, 0x0000000704200000, 0x0000000704300000|  0%| F|  |TAMS 0x0000000704200000, 0x0000000704200000| Untracked 
|  35|0x0000000704300000, 0x0000000704300000, 0x0000000704400000|  0%| F|  |TAMS 0x0000000704300000, 0x0000000704300000| Untracked 
|  36|0x0000000704400000, 0x0000000704400000, 0x0000000704500000|  0%| F|  |TAMS 0x0000000704400000, 0x0000000704400000| Untracked 
|  37|0x0000000704500000, 0x0000000704500000, 0x0000000704600000|  0%| F|  |TAMS 0x0000000704500000, 0x0000000704500000| Untracked 
|  38|0x0000000704600000, 0x0000000704600000, 0x0000000704700000|  0%| F|  |TAMS 0x0000000704600000, 0x0000000704600000| Untracked 
|  39|0x0000000704700000, 0x0000000704700000, 0x0000000704800000|  0%| F|  |TAMS 0x0000000704700000, 0x0000000704700000| Untracked 
|  40|0x0000000704800000, 0x0000000704800000, 0x0000000704900000|  0%| F|  |TAMS 0x0000000704800000, 0x0000000704800000| Untracked 
|  41|0x0000000704900000, 0x0000000704900000, 0x0000000704a00000|  0%| F|  |TAMS 0x0000000704900000, 0x0000000704900000| Untracked 
|  42|0x0000000704a00000, 0x0000000704a00000, 0x0000000704b00000|  0%| F|  |TAMS 0x0000000704a00000, 0x0000000704a00000| Untracked 
|  43|0x0000000704b00000, 0x0000000704b00000, 0x0000000704c00000|  0%| F|  |TAMS 0x0000000704b00000, 0x0000000704b00000| Untracked 
|  44|0x0000000704c00000, 0x0000000704c00000, 0x0000000704d00000|  0%| F|  |TAMS 0x0000000704c00000, 0x0000000704c00000| Untracked 
|  45|0x0000000704d00000, 0x0000000704d00000, 0x0000000704e00000|  0%| F|  |TAMS 0x0000000704d00000, 0x0000000704d00000| Untracked 
|  46|0x0000000704e00000, 0x0000000704e00000, 0x0000000704f00000|  0%| F|  |TAMS 0x0000000704e00000, 0x0000000704e00000| Untracked 
|  47|0x0000000704f00000, 0x0000000704f00000, 0x0000000705000000|  0%| F|  |TAMS 0x0000000704f00000, 0x0000000704f00000| Untracked 
|  48|0x0000000705000000, 0x0000000705000000, 0x0000000705100000|  0%| F|  |TAMS 0x0000000705000000, 0x0000000705000000| Untracked 
|  49|0x0000000705100000, 0x0000000705100000, 0x0000000705200000|  0%| F|  |TAMS 0x0000000705100000, 0x0000000705100000| Untracked 
|  50|0x0000000705200000, 0x0000000705200000, 0x0000000705300000|  0%| F|  |TAMS 0x0000000705200000, 0x0000000705200000| Untracked 
|  51|0x0000000705300000, 0x0000000705300000, 0x0000000705400000|  0%| F|  |TAMS 0x0000000705300000, 0x0000000705300000| Untracked 
|  52|0x0000000705400000, 0x0000000705400000, 0x0000000705500000|  0%| F|  |TAMS 0x0000000705400000, 0x0000000705400000| Untracked 
|  53|0x0000000705500000, 0x0000000705500000, 0x0000000705600000|  0%| F|  |TAMS 0x0000000705500000, 0x0000000705500000| Untracked 
|  54|0x0000000705600000, 0x0000000705600000, 0x0000000705700000|  0%| F|  |TAMS 0x0000000705600000, 0x0000000705600000| Untracked 
|  55|0x0000000705700000, 0x0000000705700000, 0x0000000705800000|  0%| F|  |TAMS 0x0000000705700000, 0x0000000705700000| Untracked 
|  56|0x0000000705800000, 0x0000000705800000, 0x0000000705900000|  0%| F|  |TAMS 0x0000000705800000, 0x0000000705800000| Untracked 
|  57|0x0000000705900000, 0x0000000705900000, 0x0000000705a00000|  0%| F|  |TAMS 0x0000000705900000, 0x0000000705900000| Untracked 
|  58|0x0000000705a00000, 0x0000000705a00000, 0x0000000705b00000|  0%| F|  |TAMS 0x0000000705a00000, 0x0000000705a00000| Untracked 
|  59|0x0000000705b00000, 0x0000000705b00000, 0x0000000705c00000|  0%| F|  |TAMS 0x0000000705b00000, 0x0000000705b00000| Untracked 
|  60|0x0000000705c00000, 0x0000000705c00000, 0x0000000705d00000|  0%| F|  |TAMS 0x0000000705c00000, 0x0000000705c00000| Untracked 
|  61|0x0000000705d00000, 0x0000000705d00000, 0x0000000705e00000|  0%| F|  |TAMS 0x0000000705d00000, 0x0000000705d00000| Untracked 
|  62|0x0000000705e00000, 0x0000000705e00000, 0x0000000705f00000|  0%| F|  |TAMS 0x0000000705e00000, 0x0000000705e00000| Untracked 
|  63|0x0000000705f00000, 0x0000000705f00000, 0x0000000706000000|  0%| F|  |TAMS 0x0000000705f00000, 0x0000000705f00000| Untracked 
|  64|0x0000000706000000, 0x0000000706000000, 0x0000000706100000|  0%| F|  |TAMS 0x0000000706000000, 0x0000000706000000| Untracked 
|  65|0x0000000706100000, 0x0000000706100000, 0x0000000706200000|  0%| F|  |TAMS 0x0000000706100000, 0x0000000706100000| Untracked 
|  66|0x0000000706200000, 0x0000000706200000, 0x0000000706300000|  0%| F|  |TAMS 0x0000000706200000, 0x0000000706200000| Untracked 
|  67|0x0000000706300000, 0x0000000706300000, 0x0000000706400000|  0%| F|  |TAMS 0x0000000706300000, 0x0000000706300000| Untracked 
|  68|0x0000000706400000, 0x0000000706400000, 0x0000000706500000|  0%| F|  |TAMS 0x0000000706400000, 0x0000000706400000| Untracked 
|  69|0x0000000706500000, 0x0000000706500000, 0x0000000706600000|  0%| F|  |TAMS 0x0000000706500000, 0x0000000706500000| Untracked 
|  70|0x0000000706600000, 0x0000000706600000, 0x0000000706700000|  0%| F|  |TAMS 0x0000000706600000, 0x0000000706600000| Untracked 
|  71|0x0000000706700000, 0x0000000706700000, 0x0000000706800000|  0%| F|  |TAMS 0x0000000706700000, 0x0000000706700000| Untracked 
|  72|0x0000000706800000, 0x0000000706800000, 0x0000000706900000|  0%| F|  |TAMS 0x0000000706800000, 0x0000000706800000| Untracked 
|  73|0x0000000706900000, 0x0000000706900000, 0x0000000706a00000|  0%| F|  |TAMS 0x0000000706900000, 0x0000000706900000| Untracked 
|  74|0x0000000706a00000, 0x0000000706a00000, 0x0000000706b00000|  0%| F|  |TAMS 0x0000000706a00000, 0x0000000706a00000| Untracked 
|  75|0x0000000706b00000, 0x0000000706b00000, 0x0000000706c00000|  0%| F|  |TAMS 0x0000000706b00000, 0x0000000706b00000| Untracked 
|  76|0x0000000706c00000, 0x0000000706c00000, 0x0000000706d00000|  0%| F|  |TAMS 0x0000000706c00000, 0x0000000706c00000| Untracked 
|  77|0x0000000706d00000, 0x0000000706d00000, 0x0000000706e00000|  0%| F|  |TAMS 0x0000000706d00000, 0x0000000706d00000| Untracked 
|  78|0x0000000706e00000, 0x0000000706e00000, 0x0000000706f00000|  0%| F|  |TAMS 0x0000000706e00000, 0x0000000706e00000| Untracked 
|  79|0x0000000706f00000, 0x0000000706f00000, 0x0000000707000000|  0%| F|  |TAMS 0x0000000706f00000, 0x0000000706f00000| Untracked 
|  80|0x0000000707000000, 0x0000000707000000, 0x0000000707100000|  0%| F|  |TAMS 0x0000000707000000, 0x0000000707000000| Untracked 
|  81|0x0000000707100000, 0x0000000707100000, 0x0000000707200000|  0%| F|  |TAMS 0x0000000707100000, 0x0000000707100000| Untracked 
|  82|0x0000000707200000, 0x0000000707200000, 0x0000000707300000|  0%| F|  |TAMS 0x0000000707200000, 0x0000000707200000| Untracked 
|  83|0x0000000707300000, 0x0000000707300000, 0x0000000707400000|  0%| F|  |TAMS 0x0000000707300000, 0x0000000707300000| Untracked 
|  84|0x0000000707400000, 0x0000000707400000, 0x0000000707500000|  0%| F|  |TAMS 0x0000000707400000, 0x0000000707400000| Untracked 
|  85|0x0000000707500000, 0x0000000707500000, 0x0000000707600000|  0%| F|  |TAMS 0x0000000707500000, 0x0000000707500000| Untracked 
|  86|0x0000000707600000, 0x0000000707600000, 0x0000000707700000|  0%| F|  |TAMS 0x0000000707600000, 0x0000000707600000| Untracked 
|  87|0x0000000707700000, 0x0000000707700000, 0x0000000707800000|  0%| F|  |TAMS 0x0000000707700000, 0x0000000707700000| Untracked 
|  88|0x0000000707800000, 0x0000000707800000, 0x0000000707900000|  0%| F|  |TAMS 0x0000000707800000, 0x0000000707800000| Untracked 
|  89|0x0000000707900000, 0x0000000707900000, 0x0000000707a00000|  0%| F|  |TAMS 0x0000000707900000, 0x0000000707900000| Untracked 
|  90|0x0000000707a00000, 0x0000000707a00000, 0x0000000707b00000|  0%| F|  |TAMS 0x0000000707a00000, 0x0000000707a00000| Untracked 
|  91|0x0000000707b00000, 0x0000000707b00000, 0x0000000707c00000|  0%| F|  |TAMS 0x0000000707b00000, 0x0000000707b00000| Untracked 
|  92|0x0000000707c00000, 0x0000000707c00000, 0x0000000707d00000|  0%| F|  |TAMS 0x0000000707c00000, 0x0000000707c00000| Untracked 
|  93|0x0000000707d00000, 0x0000000707d00000, 0x0000000707e00000|  0%| F|  |TAMS 0x0000000707d00000, 0x0000000707d00000| Untracked 
|  94|0x0000000707e00000, 0x0000000707e00000, 0x0000000707f00000|  0%| F|  |TAMS 0x0000000707e00000, 0x0000000707e00000| Untracked 
|  95|0x0000000707f00000, 0x0000000707f00000, 0x0000000708000000|  0%| F|  |TAMS 0x0000000707f00000, 0x0000000707f00000| Untracked 
|  96|0x0000000708000000, 0x0000000708000000, 0x0000000708100000|  0%| F|  |TAMS 0x0000000708000000, 0x0000000708000000| Untracked 
|  97|0x0000000708100000, 0x0000000708100000, 0x0000000708200000|  0%| F|  |TAMS 0x0000000708100000, 0x0000000708100000| Untracked 
|  98|0x0000000708200000, 0x0000000708200000, 0x0000000708300000|  0%| F|  |TAMS 0x0000000708200000, 0x0000000708200000| Untracked 
|  99|0x0000000708300000, 0x0000000708300000, 0x0000000708400000|  0%| F|  |TAMS 0x0000000708300000, 0x0000000708300000| Untracked 
| 100|0x0000000708400000, 0x0000000708400000, 0x0000000708500000|  0%| F|  |TAMS 0x0000000708400000, 0x0000000708400000| Untracked 
| 101|0x0000000708500000, 0x0000000708500000, 0x0000000708600000|  0%| F|  |TAMS 0x0000000708500000, 0x0000000708500000| Untracked 
| 102|0x0000000708600000, 0x0000000708600000, 0x0000000708700000|  0%| F|  |TAMS 0x0000000708600000, 0x0000000708600000| Untracked 
| 103|0x0000000708700000, 0x0000000708700000, 0x0000000708800000|  0%| F|  |TAMS 0x0000000708700000, 0x0000000708700000| Untracked 
| 104|0x0000000708800000, 0x0000000708800000, 0x0000000708900000|  0%| F|  |TAMS 0x0000000708800000, 0x0000000708800000| Untracked 
| 105|0x0000000708900000, 0x0000000708900000, 0x0000000708a00000|  0%| F|  |TAMS 0x0000000708900000, 0x0000000708900000| Untracked 
| 106|0x0000000708a00000, 0x0000000708a00000, 0x0000000708b00000|  0%| F|  |TAMS 0x0000000708a00000, 0x0000000708a00000| Untracked 
| 107|0x0000000708b00000, 0x0000000708b00000, 0x0000000708c00000|  0%| F|  |TAMS 0x0000000708b00000, 0x0000000708b00000| Untracked 
| 108|0x0000000708c00000, 0x0000000708c00000, 0x0000000708d00000|  0%| F|  |TAMS 0x0000000708c00000, 0x0000000708c00000| Untracked 
| 109|0x0000000708d00000, 0x0000000708d00000, 0x0000000708e00000|  0%| F|  |TAMS 0x0000000708d00000, 0x0000000708d00000| Untracked 
| 110|0x0000000708e00000, 0x0000000708e00000, 0x0000000708f00000|  0%| F|  |TAMS 0x0000000708e00000, 0x0000000708e00000| Untracked 
| 111|0x0000000708f00000, 0x0000000708f00000, 0x0000000709000000|  0%| F|  |TAMS 0x0000000708f00000, 0x0000000708f00000| Untracked 
| 112|0x0000000709000000, 0x0000000709000000, 0x0000000709100000|  0%| F|  |TAMS 0x0000000709000000, 0x0000000709000000| Untracked 
| 113|0x0000000709100000, 0x0000000709100000, 0x0000000709200000|  0%| F|  |TAMS 0x0000000709100000, 0x0000000709100000| Untracked 
| 114|0x0000000709200000, 0x0000000709200000, 0x0000000709300000|  0%| F|  |TAMS 0x0000000709200000, 0x0000000709200000| Untracked 
| 115|0x0000000709300000, 0x0000000709300000, 0x0000000709400000|  0%| F|  |TAMS 0x0000000709300000, 0x0000000709300000| Untracked 
| 116|0x0000000709400000, 0x0000000709400000, 0x0000000709500000|  0%| F|  |TAMS 0x0000000709400000, 0x0000000709400000| Untracked 
| 117|0x0000000709500000, 0x0000000709500000, 0x0000000709600000|  0%| F|  |TAMS 0x0000000709500000, 0x0000000709500000| Untracked 
| 118|0x0000000709600000, 0x0000000709600000, 0x0000000709700000|  0%| F|  |TAMS 0x0000000709600000, 0x0000000709600000| Untracked 
| 119|0x0000000709700000, 0x0000000709700000, 0x0000000709800000|  0%| F|  |TAMS 0x0000000709700000, 0x0000000709700000| Untracked 
| 120|0x0000000709800000, 0x0000000709800000, 0x0000000709900000|  0%| F|  |TAMS 0x0000000709800000, 0x0000000709800000| Untracked 
| 121|0x0000000709900000, 0x0000000709900000, 0x0000000709a00000|  0%| F|  |TAMS 0x0000000709900000, 0x0000000709900000| Untracked 
| 122|0x0000000709a00000, 0x0000000709a00000, 0x0000000709b00000|  0%| F|  |TAMS 0x0000000709a00000, 0x0000000709a00000| Untracked 
| 123|0x0000000709b00000, 0x0000000709b00000, 0x0000000709c00000|  0%| F|  |TAMS 0x0000000709b00000, 0x0000000709b00000| Untracked 
| 124|0x0000000709c00000, 0x0000000709c00000, 0x0000000709d00000|  0%| F|  |TAMS 0x0000000709c00000, 0x0000000709c00000| Untracked 
| 125|0x0000000709d00000, 0x0000000709d00000, 0x0000000709e00000|  0%| F|  |TAMS 0x0000000709d00000, 0x0000000709d00000| Untracked 
| 126|0x0000000709e00000, 0x0000000709e00000, 0x0000000709f00000|  0%| F|  |TAMS 0x0000000709e00000, 0x0000000709e00000| Untracked 
| 127|0x0000000709f00000, 0x0000000709f00000, 0x000000070a000000|  0%| F|  |TAMS 0x0000000709f00000, 0x0000000709f00000| Untracked 
| 128|0x000000070a000000, 0x000000070a000000, 0x000000070a100000|  0%| F|  |TAMS 0x000000070a000000, 0x000000070a000000| Untracked 
| 129|0x000000070a100000, 0x000000070a100000, 0x000000070a200000|  0%| F|  |TAMS 0x000000070a100000, 0x000000070a100000| Untracked 
| 130|0x000000070a200000, 0x000000070a200000, 0x000000070a300000|  0%| F|  |TAMS 0x000000070a200000, 0x000000070a200000| Untracked 
| 131|0x000000070a300000, 0x000000070a300000, 0x000000070a400000|  0%| F|  |TAMS 0x000000070a300000, 0x000000070a300000| Untracked 
| 132|0x000000070a400000, 0x000000070a400000, 0x000000070a500000|  0%| F|  |TAMS 0x000000070a400000, 0x000000070a400000| Untracked 
| 133|0x000000070a500000, 0x000000070a500000, 0x000000070a600000|  0%| F|  |TAMS 0x000000070a500000, 0x000000070a500000| Untracked 
| 134|0x000000070a600000, 0x000000070a600000, 0x000000070a700000|  0%| F|  |TAMS 0x000000070a600000, 0x000000070a600000| Untracked 
| 135|0x000000070a700000, 0x000000070a700000, 0x000000070a800000|  0%| F|  |TAMS 0x000000070a700000, 0x000000070a700000| Untracked 
| 136|0x000000070a800000, 0x000000070a800000, 0x000000070a900000|  0%| F|  |TAMS 0x000000070a800000, 0x000000070a800000| Untracked 
| 137|0x000000070a900000, 0x000000070a900000, 0x000000070aa00000|  0%| F|  |TAMS 0x000000070a900000, 0x000000070a900000| Untracked 
| 138|0x000000070aa00000, 0x000000070aa00000, 0x000000070ab00000|  0%| F|  |TAMS 0x000000070aa00000, 0x000000070aa00000| Untracked 
| 139|0x000000070ab00000, 0x000000070ab00000, 0x000000070ac00000|  0%| F|  |TAMS 0x000000070ab00000, 0x000000070ab00000| Untracked 
| 140|0x000000070ac00000, 0x000000070ac00000, 0x000000070ad00000|  0%| F|  |TAMS 0x000000070ac00000, 0x000000070ac00000| Untracked 
| 141|0x000000070ad00000, 0x000000070ae00000, 0x000000070ae00000|100%| E|  |TAMS 0x000000070ad00000, 0x000000070ad00000| Complete 
| 142|0x000000070ae00000, 0x000000070af00000, 0x000000070af00000|100%| E|CS|TAMS 0x000000070ae00000, 0x000000070ae00000| Complete 
| 143|0x000000070af00000, 0x000000070b000000, 0x000000070b000000|100%| E|CS|TAMS 0x000000070af00000, 0x000000070af00000| Complete 
| 144|0x000000070b000000, 0x000000070b100000, 0x000000070b100000|100%| E|CS|TAMS 0x000000070b000000, 0x000000070b000000| Complete 
| 145|0x000000070b100000, 0x000000070b200000, 0x000000070b200000|100%| E|CS|TAMS 0x000000070b100000, 0x000000070b100000| Complete 
| 146|0x000000070b200000, 0x000000070b300000, 0x000000070b300000|100%| E|CS|TAMS 0x000000070b200000, 0x000000070b200000| Complete 
| 147|0x000000070b300000, 0x000000070b400000, 0x000000070b400000|100%| E|CS|TAMS 0x000000070b300000, 0x000000070b300000| Complete 
| 148|0x000000070b400000, 0x000000070b500000, 0x000000070b500000|100%| E|CS|TAMS 0x000000070b400000, 0x000000070b400000| Complete 
| 149|0x000000070b500000, 0x000000070b600000, 0x000000070b600000|100%| E|CS|TAMS 0x000000070b500000, 0x000000070b500000| Complete 
| 150|0x000000070b600000, 0x000000070b700000, 0x000000070b700000|100%| E|CS|TAMS 0x000000070b600000, 0x000000070b600000| Complete 
| 151|0x000000070b700000, 0x000000070b800000, 0x000000070b800000|100%| S|CS|TAMS 0x000000070b700000, 0x000000070b700000| Complete 
| 152|0x000000070b800000, 0x000000070b900000, 0x000000070b900000|100%| S|CS|TAMS 0x000000070b800000, 0x000000070b800000| Complete 
| 153|0x000000070b900000, 0x000000070ba00000, 0x000000070ba00000|100%| S|CS|TAMS 0x000000070b900000, 0x000000070b900000| Complete 
| 154|0x000000070ba00000, 0x000000070bb00000, 0x000000070bb00000|100%| S|CS|TAMS 0x000000070ba00000, 0x000000070ba00000| Complete 
| 155|0x000000070bb00000, 0x000000070bc00000, 0x000000070bc00000|100%| S|CS|TAMS 0x000000070bb00000, 0x000000070bb00000| Complete 
| 156|0x000000070bc00000, 0x000000070bd00000, 0x000000070bd00000|100%| S|CS|TAMS 0x000000070bc00000, 0x000000070bc00000| Complete 
| 157|0x000000070bd00000, 0x000000070be00000, 0x000000070be00000|100%| S|CS|TAMS 0x000000070bd00000, 0x000000070bd00000| Complete 
| 158|0x000000070be00000, 0x000000070bf00000, 0x000000070bf00000|100%| S|CS|TAMS 0x000000070be00000, 0x000000070be00000| Complete 
| 159|0x000000070bf00000, 0x000000070c000000, 0x000000070c000000|100%| S|CS|TAMS 0x000000070bf00000, 0x000000070bf00000| Complete 
| 160|0x000000070c000000, 0x000000070c100000, 0x000000070c100000|100%| S|CS|TAMS 0x000000070c000000, 0x000000070c000000| Complete 
| 161|0x000000070c100000, 0x000000070c200000, 0x000000070c200000|100%| S|CS|TAMS 0x000000070c100000, 0x000000070c100000| Complete 
| 162|0x000000070c200000, 0x000000070c300000, 0x000000070c300000|100%| S|CS|TAMS 0x000000070c200000, 0x000000070c200000| Complete 
| 163|0x000000070c300000, 0x000000070c400000, 0x000000070c400000|100%| E|CS|TAMS 0x000000070c300000, 0x000000070c300000| Complete 
| 164|0x000000070c400000, 0x000000070c500000, 0x000000070c500000|100%| E|CS|TAMS 0x000000070c400000, 0x000000070c400000| Complete 
| 165|0x000000070c500000, 0x000000070c600000, 0x000000070c600000|100%| E|CS|TAMS 0x000000070c500000, 0x000000070c500000| Complete 
| 166|0x000000070c600000, 0x000000070c700000, 0x000000070c700000|100%| E|CS|TAMS 0x000000070c600000, 0x000000070c600000| Complete 
| 167|0x000000070c700000, 0x000000070c800000, 0x000000070c800000|100%| E|CS|TAMS 0x000000070c700000, 0x000000070c700000| Complete 
| 168|0x000000070c800000, 0x000000070c900000, 0x000000070c900000|100%| E|CS|TAMS 0x000000070c800000, 0x000000070c800000| Complete 
| 169|0x000000070c900000, 0x000000070ca00000, 0x000000070ca00000|100%| E|CS|TAMS 0x000000070c900000, 0x000000070c900000| Complete 
| 170|0x000000070ca00000, 0x000000070cb00000, 0x000000070cb00000|100%| E|CS|TAMS 0x000000070ca00000, 0x000000070ca00000| Complete 
| 171|0x000000070cb00000, 0x000000070cc00000, 0x000000070cc00000|100%| E|CS|TAMS 0x000000070cb00000, 0x000000070cb00000| Complete 
| 172|0x000000070cc00000, 0x000000070cd00000, 0x000000070cd00000|100%| E|CS|TAMS 0x000000070cc00000, 0x000000070cc00000| Complete 
| 173|0x000000070cd00000, 0x000000070ce00000, 0x000000070ce00000|100%| E|CS|TAMS 0x000000070cd00000, 0x000000070cd00000| Complete 
| 174|0x000000070ce00000, 0x000000070cf00000, 0x000000070cf00000|100%| E|CS|TAMS 0x000000070ce00000, 0x000000070ce00000| Complete 
| 175|0x000000070cf00000, 0x000000070d000000, 0x000000070d000000|100%| E|CS|TAMS 0x000000070cf00000, 0x000000070cf00000| Complete 
| 176|0x000000070d000000, 0x000000070d100000, 0x000000070d100000|100%| E|CS|TAMS 0x000000070d000000, 0x000000070d000000| Complete 
| 177|0x000000070d100000, 0x000000070d200000, 0x000000070d200000|100%| E|CS|TAMS 0x000000070d100000, 0x000000070d100000| Complete 
| 178|0x000000070d200000, 0x000000070d300000, 0x000000070d300000|100%| E|CS|TAMS 0x000000070d200000, 0x000000070d200000| Complete 
| 179|0x000000070d300000, 0x000000070d400000, 0x000000070d400000|100%| E|CS|TAMS 0x000000070d300000, 0x000000070d300000| Complete 
| 180|0x000000070d400000, 0x000000070d500000, 0x000000070d500000|100%| E|CS|TAMS 0x000000070d400000, 0x000000070d400000| Complete 
| 181|0x000000070d500000, 0x000000070d600000, 0x000000070d600000|100%| E|CS|TAMS 0x000000070d500000, 0x000000070d500000| Complete 
| 182|0x000000070d600000, 0x000000070d700000, 0x000000070d700000|100%| E|CS|TAMS 0x000000070d600000, 0x000000070d600000| Complete 
| 183|0x000000070d700000, 0x000000070d800000, 0x000000070d800000|100%| E|CS|TAMS 0x000000070d700000, 0x000000070d700000| Complete 
| 184|0x000000070d800000, 0x000000070d900000, 0x000000070d900000|100%| E|CS|TAMS 0x000000070d800000, 0x000000070d800000| Complete 
| 185|0x000000070d900000, 0x000000070da00000, 0x000000070da00000|100%| E|CS|TAMS 0x000000070d900000, 0x000000070d900000| Complete 
| 186|0x000000070da00000, 0x000000070db00000, 0x000000070db00000|100%| E|CS|TAMS 0x000000070da00000, 0x000000070da00000| Complete 
| 187|0x000000070db00000, 0x000000070dc00000, 0x000000070dc00000|100%| E|CS|TAMS 0x000000070db00000, 0x000000070db00000| Complete 
| 188|0x000000070dc00000, 0x000000070dd00000, 0x000000070dd00000|100%| E|CS|TAMS 0x000000070dc00000, 0x000000070dc00000| Complete 
| 189|0x000000070dd00000, 0x000000070de00000, 0x000000070de00000|100%| E|CS|TAMS 0x000000070dd00000, 0x000000070dd00000| Complete 
| 190|0x000000070de00000, 0x000000070df00000, 0x000000070df00000|100%| E|CS|TAMS 0x000000070de00000, 0x000000070de00000| Complete 
| 191|0x000000070df00000, 0x000000070e000000, 0x000000070e000000|100%| E|CS|TAMS 0x000000070df00000, 0x000000070df00000| Complete 
| 192|0x000000070e000000, 0x000000070e100000, 0x000000070e100000|100%| E|CS|TAMS 0x000000070e000000, 0x000000070e000000| Complete 
| 193|0x000000070e100000, 0x000000070e200000, 0x000000070e200000|100%| E|CS|TAMS 0x000000070e100000, 0x000000070e100000| Complete 
| 194|0x000000070e200000, 0x000000070e300000, 0x000000070e300000|100%| E|CS|TAMS 0x000000070e200000, 0x000000070e200000| Complete 
| 195|0x000000070e300000, 0x000000070e400000, 0x000000070e400000|100%| E|CS|TAMS 0x000000070e300000, 0x000000070e300000| Complete 
| 196|0x000000070e400000, 0x000000070e500000, 0x000000070e500000|100%| E|CS|TAMS 0x000000070e400000, 0x000000070e400000| Complete 
| 197|0x000000070e500000, 0x000000070e600000, 0x000000070e600000|100%| E|CS|TAMS 0x000000070e500000, 0x000000070e500000| Complete 
| 198|0x000000070e600000, 0x000000070e700000, 0x000000070e700000|100%| E|CS|TAMS 0x000000070e600000, 0x000000070e600000| Complete 
| 199|0x000000070e700000, 0x000000070e800000, 0x000000070e800000|100%| E|CS|TAMS 0x000000070e700000, 0x000000070e700000| Complete 
| 200|0x000000070e800000, 0x000000070e900000, 0x000000070e900000|100%| E|CS|TAMS 0x000000070e800000, 0x000000070e800000| Complete 
| 201|0x000000070e900000, 0x000000070ea00000, 0x000000070ea00000|100%| E|CS|TAMS 0x000000070e900000, 0x000000070e900000| Complete 
| 202|0x000000070ea00000, 0x000000070eb00000, 0x000000070eb00000|100%| E|CS|TAMS 0x000000070ea00000, 0x000000070ea00000| Complete 
| 203|0x000000070eb00000, 0x000000070ec00000, 0x000000070ec00000|100%| E|CS|TAMS 0x000000070eb00000, 0x000000070eb00000| Complete 
| 204|0x000000070ec00000, 0x000000070ed00000, 0x000000070ed00000|100%| E|CS|TAMS 0x000000070ec00000, 0x000000070ec00000| Complete 
| 205|0x000000070ed00000, 0x000000070ee00000, 0x000000070ee00000|100%| E|CS|TAMS 0x000000070ed00000, 0x000000070ed00000| Complete 
| 206|0x000000070ee00000, 0x000000070ef00000, 0x000000070ef00000|100%| E|CS|TAMS 0x000000070ee00000, 0x000000070ee00000| Complete 
| 207|0x000000070ef00000, 0x000000070f000000, 0x000000070f000000|100%| E|CS|TAMS 0x000000070ef00000, 0x000000070ef00000| Complete 
| 208|0x000000070f000000, 0x000000070f100000, 0x000000070f100000|100%| E|CS|TAMS 0x000000070f000000, 0x000000070f000000| Complete 
| 209|0x000000070f100000, 0x000000070f200000, 0x000000070f200000|100%| E|CS|TAMS 0x000000070f100000, 0x000000070f100000| Complete 
| 210|0x000000070f200000, 0x000000070f300000, 0x000000070f300000|100%| E|CS|TAMS 0x000000070f200000, 0x000000070f200000| Complete 
| 211|0x000000070f300000, 0x000000070f400000, 0x000000070f400000|100%| E|CS|TAMS 0x000000070f300000, 0x000000070f300000| Complete 
| 212|0x000000070f400000, 0x000000070f500000, 0x000000070f500000|100%| E|CS|TAMS 0x000000070f400000, 0x000000070f400000| Complete 
| 213|0x000000070f500000, 0x000000070f600000, 0x000000070f600000|100%| E|CS|TAMS 0x000000070f500000, 0x000000070f500000| Complete 
| 214|0x000000070f600000, 0x000000070f700000, 0x000000070f700000|100%| E|CS|TAMS 0x000000070f600000, 0x000000070f600000| Complete 
| 215|0x000000070f700000, 0x000000070f800000, 0x000000070f800000|100%| E|CS|TAMS 0x000000070f700000, 0x000000070f700000| Complete 
| 216|0x000000070f800000, 0x000000070f900000, 0x000000070f900000|100%| E|CS|TAMS 0x000000070f800000, 0x000000070f800000| Complete 
| 217|0x000000070f900000, 0x000000070fa00000, 0x000000070fa00000|100%| E|CS|TAMS 0x000000070f900000, 0x000000070f900000| Complete 
| 218|0x000000070fa00000, 0x000000070fb00000, 0x000000070fb00000|100%| E|CS|TAMS 0x000000070fa00000, 0x000000070fa00000| Complete 
| 219|0x000000070fb00000, 0x000000070fc00000, 0x000000070fc00000|100%| E|CS|TAMS 0x000000070fb00000, 0x000000070fb00000| Complete 
| 220|0x000000070fc00000, 0x000000070fd00000, 0x000000070fd00000|100%| E|CS|TAMS 0x000000070fc00000, 0x000000070fc00000| Complete 
| 221|0x000000070fd00000, 0x000000070fe00000, 0x000000070fe00000|100%| E|CS|TAMS 0x000000070fd00000, 0x000000070fd00000| Complete 
| 222|0x000000070fe00000, 0x000000070ff00000, 0x000000070ff00000|100%| E|CS|TAMS 0x000000070fe00000, 0x000000070fe00000| Complete 
| 223|0x000000070ff00000, 0x0000000710000000, 0x0000000710000000|100%| E|CS|TAMS 0x000000070ff00000, 0x000000070ff00000| Complete 
| 224|0x0000000710000000, 0x0000000710100000, 0x0000000710100000|100%| E|CS|TAMS 0x0000000710000000, 0x0000000710000000| Complete 
| 225|0x0000000710100000, 0x0000000710200000, 0x0000000710200000|100%| E|CS|TAMS 0x0000000710100000, 0x0000000710100000| Complete 
| 226|0x0000000710200000, 0x0000000710300000, 0x0000000710300000|100%| E|CS|TAMS 0x0000000710200000, 0x0000000710200000| Complete 
| 227|0x0000000710300000, 0x0000000710400000, 0x0000000710400000|100%| E|CS|TAMS 0x0000000710300000, 0x0000000710300000| Complete 
| 228|0x0000000710400000, 0x0000000710500000, 0x0000000710500000|100%| E|CS|TAMS 0x0000000710400000, 0x0000000710400000| Complete 
| 229|0x0000000710500000, 0x0000000710600000, 0x0000000710600000|100%| E|CS|TAMS 0x0000000710500000, 0x0000000710500000| Complete 
| 230|0x0000000710600000, 0x0000000710700000, 0x0000000710700000|100%| E|CS|TAMS 0x0000000710600000, 0x0000000710600000| Complete 
| 231|0x0000000710700000, 0x0000000710800000, 0x0000000710800000|100%| E|CS|TAMS 0x0000000710700000, 0x0000000710700000| Complete 
| 232|0x0000000710800000, 0x0000000710900000, 0x0000000710900000|100%| E|CS|TAMS 0x0000000710800000, 0x0000000710800000| Complete 
| 233|0x0000000710900000, 0x0000000710a00000, 0x0000000710a00000|100%| E|CS|TAMS 0x0000000710900000, 0x0000000710900000| Complete 
| 234|0x0000000710a00000, 0x0000000710b00000, 0x0000000710b00000|100%| E|CS|TAMS 0x0000000710a00000, 0x0000000710a00000| Complete 
| 235|0x0000000710b00000, 0x0000000710c00000, 0x0000000710c00000|100%| E|CS|TAMS 0x0000000710b00000, 0x0000000710b00000| Complete 
| 236|0x0000000710c00000, 0x0000000710d00000, 0x0000000710d00000|100%| E|CS|TAMS 0x0000000710c00000, 0x0000000710c00000| Complete 
| 237|0x0000000710d00000, 0x0000000710e00000, 0x0000000710e00000|100%| E|CS|TAMS 0x0000000710d00000, 0x0000000710d00000| Complete 
| 238|0x0000000710e00000, 0x0000000710f00000, 0x0000000710f00000|100%| E|CS|TAMS 0x0000000710e00000, 0x0000000710e00000| Complete 
| 239|0x0000000710f00000, 0x0000000711000000, 0x0000000711000000|100%| E|CS|TAMS 0x0000000710f00000, 0x0000000710f00000| Complete 
| 240|0x0000000711000000, 0x0000000711100000, 0x0000000711100000|100%| E|CS|TAMS 0x0000000711000000, 0x0000000711000000| Complete 
| 241|0x0000000711100000, 0x0000000711200000, 0x0000000711200000|100%| E|CS|TAMS 0x0000000711100000, 0x0000000711100000| Complete 
| 242|0x0000000711200000, 0x0000000711300000, 0x0000000711300000|100%| E|CS|TAMS 0x0000000711200000, 0x0000000711200000| Complete 
| 243|0x0000000711300000, 0x0000000711400000, 0x0000000711400000|100%| E|CS|TAMS 0x0000000711300000, 0x0000000711300000| Complete 
| 244|0x0000000711400000, 0x0000000711500000, 0x0000000711500000|100%| E|CS|TAMS 0x0000000711400000, 0x0000000711400000| Complete 
| 245|0x0000000711500000, 0x0000000711600000, 0x0000000711600000|100%| E|CS|TAMS 0x0000000711500000, 0x0000000711500000| Complete 
| 246|0x0000000711600000, 0x0000000711700000, 0x0000000711700000|100%| E|CS|TAMS 0x0000000711600000, 0x0000000711600000| Complete 
| 247|0x0000000711700000, 0x0000000711800000, 0x0000000711800000|100%| E|CS|TAMS 0x0000000711700000, 0x0000000711700000| Complete 
| 248|0x0000000711800000, 0x0000000711900000, 0x0000000711900000|100%| E|CS|TAMS 0x0000000711800000, 0x0000000711800000| Complete 
| 249|0x0000000711900000, 0x0000000711a00000, 0x0000000711a00000|100%| E|CS|TAMS 0x0000000711900000, 0x0000000711900000| Complete 
| 250|0x0000000711a00000, 0x0000000711b00000, 0x0000000711b00000|100%| E|CS|TAMS 0x0000000711a00000, 0x0000000711a00000| Complete 
| 251|0x0000000711b00000, 0x0000000711c00000, 0x0000000711c00000|100%| E|CS|TAMS 0x0000000711b00000, 0x0000000711b00000| Complete 
| 252|0x0000000711c00000, 0x0000000711d00000, 0x0000000711d00000|100%| E|CS|TAMS 0x0000000711c00000, 0x0000000711c00000| Complete 
| 253|0x0000000711d00000, 0x0000000711e00000, 0x0000000711e00000|100%| E|CS|TAMS 0x0000000711d00000, 0x0000000711d00000| Complete 

Card table byte_map: [0x000001d147de0000,0x000001d1485d0000] _byte_map_base: 0x000001d1445d0000

Marking Bits (Prev, Next): (CMBitMap*) 0x000001d12f9d3dd8, (CMBitMap*) 0x000001d12f9d3e10
 Prev Bits: [0x000001d148dc0000, 0x000001d14cd40000)
 Next Bits: [0x000001d14cd40000, 0x000001d150cc0000)

Polling page: 0x000001d12d670000

Metaspace:

Usage:
  Non-class:     49.31 MB capacity,    48.91 MB (>99%) used,   322.25 KB ( <1%) free+waste,    91.38 KB ( <1%) overhead. 
      Class:      6.70 MB capacity,     6.46 MB ( 96%) used,   205.77 KB (  3%) free+waste,    40.25 KB ( <1%) overhead. 
       Both:     56.01 MB capacity,    55.37 MB ( 99%) used,   528.02 KB ( <1%) free+waste,   131.63 KB ( <1%) overhead. 

Virtual space:
  Non-class space:       50.00 MB reserved,      49.50 MB ( 99%) committed 
      Class space:        1.00 GB reserved,       6.80 MB ( <1%) committed 
             Both:        1.05 GB reserved,      56.30 MB (  5%) committed 

Chunk freelists:
   Non-Class:  0 bytes
       Class:  17.00 KB
        Both:  17.00 KB

MaxMetaspaceSize: 17179869184.00 GB
CompressedClassSpaceSize: 1.00 GB
Initial GC threshold: 20.80 MB
Current GC threshold: 58.83 MB
CDS: off

CodeHeap 'non-profiled nmethods': size=120000Kb used=3454Kb max_used=3454Kb free=116545Kb
 bounds [0x000001d13fb70000, 0x000001d13fed0000, 0x000001d1470a0000]
CodeHeap 'profiled nmethods': size=120000Kb used=16901Kb max_used=16901Kb free=103098Kb
 bounds [0x000001d138640000, 0x000001d1396d0000, 0x000001d13fb70000]
CodeHeap 'non-nmethods': size=5760Kb used=1242Kb max_used=1293Kb free=4518Kb
 bounds [0x000001d1380a0000, 0x000001d138310000, 0x000001d138640000]
 total_blobs=7454 nmethods=6937 adapters=428
 compilation: enabled
              stopped_count=0, restarted_count=0
 full_count=0

Compilation events (20 events):
Event: 4.109 Thread 0x000001d154328000 6983       1       org.jetbrains.kotlin.serialization.deserialization.ClassDeserializer$ClassKey::getClassId (5 bytes)
Event: 4.109 Thread 0x000001d154328000 nmethod 6983 0x000001d13feca710 code [0x000001d13feca8c0, 0x000001d13feca978]
Event: 4.109 Thread 0x000001d154328000 6984       3       java.lang.Enum::compareTo (9 bytes)
Event: 4.109 Thread 0x000001d154328000 nmethod 6984 0x000001d1396b1f90 code [0x000001d1396b2160, 0x000001d1396b2388]
Event: 4.112 Thread 0x000001d154328000 6985       3       org.jetbrains.kotlin.serialization.deserialization.descriptors.DeserializedPackageMemberScope::getContributedClassifier (25 bytes)
Event: 4.112 Thread 0x000001d154328000 nmethod 6985 0x000001d1396b2490 code [0x000001d1396b2860, 0x000001d1396b3d78]
Event: 4.112 Thread 0x000001d154328000 6987       3       org.jetbrains.kotlin.com.intellij.util.containers.NotNullList::add (14 bytes)
Event: 4.113 Thread 0x000001d154328000 nmethod 6987 0x000001d1396b4490 code [0x000001d1396b46c0, 0x000001d1396b4d88]
Event: 4.113 Thread 0x000001d154328000 6988       3       org.jetbrains.kotlin.com.intellij.psi.impl.PsiCachedValue$$Lambda$174/0x0000000800515440::value (9 bytes)
Event: 4.113 Thread 0x000001d154328000 nmethod 6988 0x000001d1396b5010 code [0x000001d1396b51c0, 0x000001d1396b5308]
Event: 4.114 Thread 0x000001d154328000 6989       3       kotlin.reflect.jvm.internal.KCallableImpl$_annotations$1::<init> (11 bytes)
Event: 4.114 Thread 0x000001d154328000 nmethod 6989 0x000001d1396b5410 code [0x000001d1396b55c0, 0x000001d1396b57f8]
Event: 4.114 Thread 0x000001d154328000 6990       3       kotlin.reflect.jvm.internal.KCallableImpl$_parameters$1::<init> (11 bytes)
Event: 4.114 Thread 0x000001d154328000 nmethod 6990 0x000001d1396b5910 code [0x000001d1396b5ac0, 0x000001d1396b5cf8]
Event: 4.114 Thread 0x000001d154328000 6991       3       kotlin.reflect.jvm.internal.KCallableImpl$_returnType$1::<init> (11 bytes)
Event: 4.114 Thread 0x000001d154328000 nmethod 6991 0x000001d1396b5e10 code [0x000001d1396b5fc0, 0x000001d1396b61f8]
Event: 4.114 Thread 0x000001d154328000 6992       3       kotlin.reflect.jvm.internal.KCallableImpl$_typeParameters$1::<init> (11 bytes)
Event: 4.114 Thread 0x000001d154328000 nmethod 6992 0x000001d1396b6310 code [0x000001d1396b64c0, 0x000001d1396b66f8]
Event: 4.115 Thread 0x000001d154328000 6993       3       org.jetbrains.kotlin.types.TypeConstructorSubstitution$Companion$createByConstructorsMap$1::get (20 bytes)
Event: 4.115 Thread 0x000001d154328000 nmethod 6993 0x000001d1396b6810 code [0x000001d1396b6a60, 0x000001d1396b7208]

GC Heap History (12 events):
Event: 0.375 GC heap before
{Heap before GC invocations=0 (full 0):
 garbage-first heap   total 260096K, used 27648K [0x0000000702000000, 0x0000000800000000)
  region size 1024K, 24 young (24576K), 0 survivors (0K)
 Metaspace       used 12453K, capacity 12558K, committed 12800K, reserved 1060864K
  class space    used 1148K, capacity 1184K, committed 1280K, reserved 1048576K
}
Event: 0.377 GC heap after
{Heap after GC invocations=1 (full 0):
 garbage-first heap   total 260096K, used 5785K [0x0000000702000000, 0x0000000800000000)
  region size 1024K, 3 young (3072K), 3 survivors (3072K)
 Metaspace       used 12453K, capacity 12558K, committed 12800K, reserved 1060864K
  class space    used 1148K, capacity 1184K, committed 1280K, reserved 1048576K
}
Event: 0.799 GC heap before
{Heap before GC invocations=1 (full 0):
 garbage-first heap   total 260096K, used 42649K [0x0000000702000000, 0x0000000800000000)
  region size 1024K, 40 young (40960K), 3 survivors (3072K)
 Metaspace       used 21043K, capacity 21242K, committed 21296K, reserved 1069056K
  class space    used 2208K, capacity 2315K, committed 2352K, reserved 1048576K
}
Event: 0.808 GC heap after
{Heap after GC invocations=2 (full 0):
 garbage-first heap   total 260096K, used 9426K [0x0000000702000000, 0x0000000800000000)
  region size 1024K, 7 young (7168K), 7 survivors (7168K)
 Metaspace       used 21043K, capacity 21242K, committed 21296K, reserved 1069056K
  class space    used 2208K, capacity 2315K, committed 2352K, reserved 1048576K
}
Event: 1.450 GC heap before
{Heap before GC invocations=3 (full 0):
 garbage-first heap   total 260096K, used 66770K [0x0000000702000000, 0x0000000800000000)
  region size 1024K, 57 young (58368K), 7 survivors (7168K)
 Metaspace       used 31200K, capacity 31537K, committed 31792K, reserved 1077248K
  class space    used 3464K, capacity 3581K, committed 3632K, reserved 1048576K
}
Event: 1.456 GC heap after
{Heap after GC invocations=4 (full 0):
 garbage-first heap   total 260096K, used 18007K [0x0000000702000000, 0x0000000800000000)
  region size 1024K, 8 young (8192K), 8 survivors (8192K)
 Metaspace       used 31200K, capacity 31537K, committed 31792K, reserved 1077248K
  class space    used 3464K, capacity 3581K, committed 3632K, reserved 1048576K
}
Event: 1.554 GC heap before
{Heap before GC invocations=4 (full 0):
 garbage-first heap   total 260096K, used 30295K [0x0000000702000000, 0x0000000800000000)
  region size 1024K, 20 young (20480K), 8 survivors (8192K)
 Metaspace       used 33698K, capacity 34039K, committed 34224K, reserved 1079296K
  class space    used 3781K, capacity 3902K, committed 4016K, reserved 1048576K
}
Event: 1.559 GC heap after
{Heap after GC invocations=5 (full 0):
 garbage-first heap   total 260096K, used 20168K [0x0000000702000000, 0x0000000800000000)
  region size 1024K, 2 young (2048K), 2 survivors (2048K)
 Metaspace       used 33698K, capacity 34039K, committed 34224K, reserved 1079296K
  class space    used 3781K, capacity 3902K, committed 4016K, reserved 1048576K
}
Event: 1.634 GC heap before
{Heap before GC invocations=5 (full 0):
 garbage-first heap   total 260096K, used 26312K [0x0000000702000000, 0x0000000800000000)
  region size 1024K, 9 young (9216K), 2 survivors (2048K)
 Metaspace       used 35510K, capacity 35805K, committed 35888K, reserved 1081344K
  class space    used 4189K, capacity 4320K, committed 4400K, reserved 1048576K
}
Event: 1.635 GC heap after
{Heap after GC invocations=6 (full 0):
 garbage-first heap   total 260096K, used 20188K [0x0000000702000000, 0x0000000800000000)
  region size 1024K, 2 young (2048K), 2 survivors (2048K)
 Metaspace       used 35510K, capacity 35805K, committed 35888K, reserved 1081344K
  class space    used 4189K, capacity 4320K, committed 4400K, reserved 1048576K
}
Event: 2.622 GC heap before
{Heap before GC invocations=7 (full 0):
 garbage-first heap   total 260096K, used 112348K [0x0000000702000000, 0x0000000800000000)
  region size 1024K, 91 young (93184K), 2 survivors (2048K)
 Metaspace       used 46337K, capacity 46776K, committed 47024K, reserved 1091584K
  class space    used 5353K, capacity 5502K, committed 5552K, reserved 1048576K
}
Event: 2.629 GC heap after
{Heap after GC invocations=8 (full 0):
 garbage-first heap   total 260096K, used 31042K [0x0000000702000000, 0x0000000800000000)
  region size 1024K, 12 young (12288K), 12 survivors (12288K)
 Metaspace       used 46337K, capacity 46776K, committed 47024K, reserved 1091584K
  class space    used 5353K, capacity 5502K, committed 5552K, reserved 1048576K
}

Deoptimization events (20 events):
Event: 4.108 Thread 0x000001d12f971000 Uncommon trap: trap_request=0xffffffde fr.pc=0x000001d13fe7939c relative=0x0000000000000fbc
Event: 4.108 Thread 0x000001d12f971000 Uncommon trap: reason=class_check action=maybe_recompile pc=0x000001d13fe7939c method=org.jetbrains.kotlin.load.java.lazy.descriptors.LazyJavaScope.getFunctionNamesLazy()Ljava/util/Set; @ 13 c2
Event: 4.108 Thread 0x000001d12f971000 DEOPT PACKING pc=0x000001d13fe7939c sp=0x0000008bd23fb0f0
Event: 4.108 Thread 0x000001d12f971000 DEOPT UNPACKING pc=0x000001d1380ea1af sp=0x0000008bd23fb000 mode 2
Event: 4.108 Thread 0x000001d12f971000 Uncommon trap: trap_request=0xffffffde fr.pc=0x000001d13fe7939c relative=0x0000000000000fbc
Event: 4.108 Thread 0x000001d12f971000 Uncommon trap: reason=class_check action=maybe_recompile pc=0x000001d13fe7939c method=org.jetbrains.kotlin.load.java.lazy.descriptors.LazyJavaScope.getFunctionNamesLazy()Ljava/util/Set; @ 13 c2
Event: 4.108 Thread 0x000001d12f971000 DEOPT PACKING pc=0x000001d13fe7939c sp=0x0000008bd23fb0f0
Event: 4.108 Thread 0x000001d12f971000 DEOPT UNPACKING pc=0x000001d1380ea1af sp=0x0000008bd23fb000 mode 2
Event: 4.108 Thread 0x000001d12f971000 Uncommon trap: trap_request=0xffffff4d fr.pc=0x000001d13fe054ec relative=0x000000000000238c
Event: 4.108 Thread 0x000001d12f971000 Uncommon trap: reason=unstable_if action=reinterpret pc=0x000001d13fe054ec method=org.jetbrains.kotlin.serialization.deserialization.descriptors.DeserializedMemberScope.getContributedClassifier(Lorg/jetbrains/kotlin/name/Name;Lorg/jetbrains/kotlin/increme
Event: 4.108 Thread 0x000001d12f971000 DEOPT PACKING pc=0x000001d13fe054ec sp=0x0000008bd23fb0b0
Event: 4.108 Thread 0x000001d12f971000 DEOPT UNPACKING pc=0x000001d1380ea1af sp=0x0000008bd23fb028 mode 2
Event: 4.112 Thread 0x000001d12f971000 Uncommon trap: trap_request=0xffffff7e fr.pc=0x000001d13feb2f24 relative=0x0000000000000a84
Event: 4.112 Thread 0x000001d12f971000 Uncommon trap: reason=predicate action=maybe_recompile pc=0x000001d13feb2f24 method=org.jetbrains.kotlin.descriptors.impl.FunctionDescriptorImpl.initialize(Lorg/jetbrains/kotlin/descriptors/ReceiverParameterDescriptor;Lorg/jetbrains/kotlin/descriptors/Rec
Event: 4.112 Thread 0x000001d12f971000 DEOPT PACKING pc=0x000001d13feb2f24 sp=0x0000008bd23fa300
Event: 4.112 Thread 0x000001d12f971000 DEOPT UNPACKING pc=0x000001d1380ea1af sp=0x0000008bd23fa2d0 mode 2
Event: 4.114 Thread 0x000001d12f971000 Uncommon trap: trap_request=0x0000001a fr.pc=0x000001d13fea94dc relative=0x00000000000014fc
Event: 4.114 Thread 0x000001d12f971000 Uncommon trap: reason=unloaded action=reinterpret pc=0x000001d13fea94dc method=org.jetbrains.kotlin.types.DisjointKeysUnionTypeSubstitution$Companion.create(Lorg/jetbrains/kotlin/types/TypeSubstitution;Lorg/jetbrains/kotlin/types/TypeSubstitution;)Lorg/je
Event: 4.114 Thread 0x000001d12f971000 DEOPT PACKING pc=0x000001d13fea94dc sp=0x0000008bd23fa7a0
Event: 4.114 Thread 0x000001d12f971000 DEOPT UNPACKING pc=0x000001d1380ea1af sp=0x0000008bd23fa630 mode 2

Classes redefined (0 events):
No events

Internal exceptions (20 events):
Event: 0.792 Thread 0x000001d12f971000 Exception <a 'java/lang/NoSuchMethodError'{0x000000070f7fa800}: 'java.lang.Object java.lang.invoke.DelegatingMethodHandle$Holder.reinvoke_L(java.lang.Object, int, int, java.lang.Object, java.lang.Object, java.lang.Object)'> (0x000000070f7fa800) thrown at [./src/hotspot/share/interpreter/linkResolver.cpp, line 773]
Event: 0.792 Thread 0x000001d12f971000 Exception <a 'java/lang/NoSuchMethodError'{0x000000070f7fec80}: 'java.lang.Object java.lang.invoke.DirectMethodHandle$Holder.invokeStatic(java.lang.Object, java.lang.Object, java.lang.Object, java.lang.Object, int)'> (0x000000070f7fec80) thrown at [./src/hotspot/share/interpreter/linkResolver.cpp, line 773]
Event: 0.860 Thread 0x000001d12f971000 Exception <a 'java/lang/NoSuchMethodError'{0x0000000711bf5838}: 'void java.lang.invoke.DirectMethodHandle$Holder.invokeSpecial(java.lang.Object, java.lang.Object)'> (0x0000000711bf5838) thrown at [./src/hotspot/share/interpreter/linkResolver.cpp, line 773]
Event: 0.887 Thread 0x000001d12f971000 Exception <a 'java/lang/NoSuchMethodError'{0x0000000711877e48}: 'void java.lang.invoke.DirectMethodHandle$Holder.invokeStaticInit(java.lang.Object, java.lang.Object)'> (0x0000000711877e48) thrown at [./src/hotspot/share/interpreter/linkResolver.cpp, line 773]
Event: 0.891 Thread 0x000001d12f971000 Exception <a 'java/lang/NoSuchMethodError'{0x00000007118b5760}: 'void java.lang.invoke.DirectMethodHandle$Holder.invokeInterface(java.lang.Object, java.lang.Object)'> (0x00000007118b5760) thrown at [./src/hotspot/share/interpreter/linkResolver.cpp, line 773]
Event: 0.936 Thread 0x000001d12f971000 Exception <a 'java/lang/NoSuchMethodError'{0x00000007114aea50}: 'int java.lang.invoke.DirectMethodHandle$Holder.invokeVirtual(java.lang.Object, java.lang.Object)'> (0x00000007114aea50) thrown at [./src/hotspot/share/interpreter/linkResolver.cpp, line 773]
Event: 1.324 Thread 0x000001d12f971000 Exception <a 'java/lang/NoSuchMethodError'{0x000000070f684408}: 'java.lang.Object java.lang.invoke.DirectMethodHandle$Holder.invokeVirtual(java.lang.Object, java.lang.Object, java.lang.Object)'> (0x000000070f684408) thrown at [./src/hotspot/share/interpreter/linkResolver.cpp, line 773]
Event: 1.785 Thread 0x000001d12f971000 Exception <a 'java/lang/NoSuchMethodError'{0x0000000711049cd0}: 'java.lang.Object java.lang.invoke.Invokers$Holder.linkToTargetMethod(java.lang.Object, int, java.lang.Object)'> (0x0000000711049cd0) thrown at [./src/hotspot/share/interpreter/linkResolver.cpp, line 773]
Event: 2.427 Thread 0x000001d12f971000 Exception <a 'java/lang/NoSuchMethodError'{0x000000070d314218}: 'java.lang.Object java.lang.invoke.Invokers$Holder.linkToTargetMethod(java.lang.Object, java.lang.Object, java.lang.Object, java.lang.Object, java.lang.Object, java.lang.Object, java.lang.Object)'> (0x000000070d314218) thrown at [./src/hotspot/share/interpreter/linkResolver.cpp, line 773]
Event: 3.014 Thread 0x000001d12f971000 Exception <a 'java/lang/NoSuchMethodError'{0x0000000710b3dbe0}: 'int java.lang.invoke.DirectMethodHandle$Holder.invokeStatic(java.lang.Object, java.lang.Object, java.lang.Object, java.lang.Object, java.lang.Object)'> (0x0000000710b3dbe0) thrown at [./src/hotspot/share/interpreter/linkResolver.cpp, line 773]
Event: 3.053 Thread 0x000001d12f971000 Exception <a 'java/lang/NoSuchMethodError'{0x0000000710aa9af0}: 'java.lang.Object java.lang.invoke.DirectMethodHandle$Holder.invokeSpecial(java.lang.Object, java.lang.Object, java.lang.Object, java.lang.Object, java.lang.Object, int)'> (0x0000000710aa9af0) thrown at [./src/hotspot/share/interpreter/linkResolver.cpp, line 773]
Event: 3.053 Thread 0x000001d12f971000 Exception <a 'java/lang/NoSuchMethodError'{0x0000000710aad3e8}: 'java.lang.Object java.lang.invoke.Invokers$Holder.linkToTargetMethod(java.lang.Object, java.lang.Object, java.lang.Object, int, java.lang.Object)'> (0x0000000710aad3e8) thrown at [./src/hotspot/share/interpreter/linkResolver.cpp, line 773]
Event: 3.066 Thread 0x000001d12f971000 Exception <a 'java/lang/NoSuchMethodError'{0x000000071095d6f8}: 'java.lang.Object java.lang.invoke.DirectMethodHandle$Holder.invokeStaticInit(java.lang.Object, java.lang.Object, java.lang.Object)'> (0x000000071095d6f8) thrown at [./src/hotspot/share/interpreter/linkResolver.cpp, line 773]
Event: 3.099 Thread 0x000001d12f971000 Exception <a 'java/lang/NoSuchMethodError'{0x00000007108d6a00}: 'int java.lang.invoke.DirectMethodHandle$Holder.invokeStaticInit(java.lang.Object, int)'> (0x00000007108d6a00) thrown at [./src/hotspot/share/interpreter/linkResolver.cpp, line 773]
Event: 3.625 Thread 0x000001d12f971000 Exception <a 'java/lang/NoSuchMethodError'{0x000000070f02aab0}: 'java.lang.Object java.lang.invoke.DirectMethodHandle$Holder.invokeStatic(java.lang.Object, int, java.lang.Object, java.lang.Object)'> (0x000000070f02aab0) thrown at [./src/hotspot/share/interpreter/linkResolver.cpp, line 773]
Event: 3.626 Thread 0x000001d12f971000 Exception <a 'java/lang/NoSuchMethodError'{0x000000070f0350e8}: 'int java.lang.invoke.DirectMethodHandle$Holder.invokeInterface(java.lang.Object, java.lang.Object)'> (0x000000070f0350e8) thrown at [./src/hotspot/share/interpreter/linkResolver.cpp, line 773]
Event: 3.956 Thread 0x000001d12f971000 Exception <a 'java/lang/NoSuchMethodError'{0x000000070ca4c610}: 'java.lang.Object java.lang.invoke.Invokers$Holder.linkToTargetMethod(java.lang.Object, java.lang.Object, java.lang.Object, java.lang.Object, java.lang.Object, java.lang.Object)'> (0x000000070ca4c610) thrown at [./src/hotspot/share/interpreter/linkResolver.cpp, line 773]
Event: 3.974 Thread 0x000001d12f971000 Implicit null exception at 0x000001d13fe2edbe to 0x000001d13fe2f1c4
Event: 3.974 Thread 0x000001d12f971000 Implicit null exception at 0x000001d13fc944cc to 0x000001d13fc945b4
Event: 3.977 Thread 0x000001d12f971000 Exception <a 'java/lang/NoSuchMethodError'{0x000000070c992660}: 'void java.lang.invoke.DirectMethodHandle$Holder.invokeStatic(java.lang.Object, java.lang.Object, java.lang.Object, java.lang.Object)'> (0x000000070c992660) thrown at [./src/hotspot/share/interpreter/linkResolver.cpp, line 773]

Events (20 events):
Event: 4.111 loading class org/jetbrains/kotlin/descriptors/impl/AbstractTypeAliasDescriptor$isInner$1
Event: 4.111 loading class org/jetbrains/kotlin/descriptors/impl/AbstractTypeAliasDescriptor$isInner$1 done
Event: 4.111 loading class org/jetbrains/kotlin/descriptors/impl/AbstractTypeAliasDescriptor$computeDefaultType$1
Event: 4.111 loading class org/jetbrains/kotlin/descriptors/impl/AbstractTypeAliasDescriptor$computeDefaultType$1 done
Event: 4.112 loading class org/jetbrains/kotlin/descriptors/impl/TypeAliasConstructorDescriptorImpl
Event: 4.112 loading class org/jetbrains/kotlin/descriptors/impl/TypeAliasConstructorDescriptorImpl done
Event: 4.113 Executing VM operation: Deoptimize
Event: 4.114 Executing VM operation: Deoptimize done
Event: 4.114 loading class org/jetbrains/kotlin/descriptors/impl/TypeAliasConstructorDescriptorImpl$Companion
Event: 4.114 loading class org/jetbrains/kotlin/descriptors/impl/TypeAliasConstructorDescriptorImpl$Companion done
Event: 4.115 loading class org/jetbrains/kotlin/descriptors/impl/TypeAliasConstructorDescriptorImpl$withDispatchReceiver$2
Event: 4.115 loading class org/jetbrains/kotlin/descriptors/impl/TypeAliasConstructorDescriptorImpl$withDispatchReceiver$2 done
Event: 4.115 loading class org/jetbrains/kotlin/resolve/SinceKotlinValue
Event: 4.115 loading class org/jetbrains/kotlin/resolve/SinceKotlinValue done
Event: 4.116 loading class org/jetbrains/kotlin/resolve/deprecation/DeprecationResolver$deprecationsByConstituentTypes$$inlined$also$lambda$1
Event: 4.116 loading class org/jetbrains/kotlin/resolve/deprecation/DeprecationResolver$deprecationsByConstituentTypes$$inlined$also$lambda$1 done
Event: 4.116 loading class org/jetbrains/kotlin/resolve/sam/SamConversionResolverImpl$resolveFunctionTypeIfSamInterface$1
Event: 4.116 loading class org/jetbrains/kotlin/resolve/sam/SamConversionResolverImpl$resolveFunctionTypeIfSamInterface$1 done
Event: 4.117 loading class org/jetbrains/kotlin/resolve/lazy/LazyImportScope$getContributedVariables$1
Event: 4.117 loading class org/jetbrains/kotlin/resolve/lazy/LazyImportScope$getContributedVariables$1 done


Dynamic libraries:
0x00007ff6dcad0000 - 0x00007ff6dcadd000 	D:\Program Files\OpenJDK\openjdk-11.0.13_8\bin\java.exe
0x00007ff929950000 - 0x00007ff929b45000 	C:\WINDOWS\SYSTEM32\ntdll.dll
0x00007ff928f20000 - 0x00007ff928fdd000 	C:\WINDOWS\System32\KERNEL32.DLL
0x00007ff927340000 - 0x00007ff92760d000 	C:\WINDOWS\System32\KERNELBASE.dll
0x00007ff927800000 - 0x00007ff927900000 	C:\WINDOWS\System32\ucrtbase.dll
0x00007ff900640000 - 0x00007ff900656000 	D:\Program Files\OpenJDK\openjdk-11.0.13_8\bin\VCRUNTIME140.dll
0x00007ff8fc5f0000 - 0x00007ff8fc608000 	D:\Program Files\OpenJDK\openjdk-11.0.13_8\bin\jli.dll
0x00007ff929770000 - 0x00007ff929910000 	C:\WINDOWS\System32\USER32.dll
0x00007ff927060000 - 0x00007ff927082000 	C:\WINDOWS\System32\win32u.dll
0x00007ff914780000 - 0x00007ff914a1a000 	C:\WINDOWS\WinSxS\amd64_microsoft.windows.common-controls_6595b64144ccf1df_6.0.19041.1110_none_60b5254171f9507e\COMCTL32.dll
0x00007ff9289f0000 - 0x00007ff928a1a000 	C:\WINDOWS\System32\GDI32.dll
0x00007ff9285e0000 - 0x00007ff92867e000 	C:\WINDOWS\System32\msvcrt.dll
0x00007ff927230000 - 0x00007ff92733b000 	C:\WINDOWS\System32\gdi32full.dll
0x00007ff927900000 - 0x00007ff92799d000 	C:\WINDOWS\System32\msvcp_win.dll
0x00007ff929740000 - 0x00007ff929770000 	C:\WINDOWS\System32\IMM32.DLL
0x00007ff8dcbc0000 - 0x00007ff8dcc6a000 	D:\Program Files\OpenJDK\openjdk-11.0.13_8\bin\msvcp140.dll
0x00007ff8bc310000 - 0x00007ff8bce5c000 	D:\Program Files\OpenJDK\openjdk-11.0.13_8\bin\server\jvm.dll
0x00007ff927c50000 - 0x00007ff927cfe000 	C:\WINDOWS\System32\ADVAPI32.dll
0x00007ff927bb0000 - 0x00007ff927c4c000 	C:\WINDOWS\System32\sechost.dll
0x00007ff929580000 - 0x00007ff9296a5000 	C:\WINDOWS\System32\RPCRT4.dll
0x00007ff928980000 - 0x00007ff928988000 	C:\WINDOWS\System32\PSAPI.DLL
0x00007ff911140000 - 0x00007ff911149000 	C:\WINDOWS\SYSTEM32\WSOCK32.dll
0x00007ff916040000 - 0x00007ff916067000 	C:\WINDOWS\SYSTEM32\WINMM.dll
0x00007ff921150000 - 0x00007ff92115a000 	C:\WINDOWS\SYSTEM32\VERSION.dll
0x00007ff928680000 - 0x00007ff9286eb000 	C:\WINDOWS\System32\WS2_32.dll
0x00007ff9258b0000 - 0x00007ff9258c2000 	C:\WINDOWS\SYSTEM32\kernel.appcore.dll
0x00007ff8fa3a0000 - 0x00007ff8fa3b1000 	D:\Program Files\OpenJDK\openjdk-11.0.13_8\bin\verify.dll
0x00007ff924cd0000 - 0x00007ff924eb4000 	C:\WINDOWS\SYSTEM32\DBGHELP.DLL
0x00007ff90ea40000 - 0x00007ff90ea6c000 	C:\WINDOWS\SYSTEM32\dbgcore.DLL
0x00007ff927770000 - 0x00007ff9277f2000 	C:\WINDOWS\System32\bcryptPrimitives.dll
0x00007ff8eb160000 - 0x00007ff8eb189000 	D:\Program Files\OpenJDK\openjdk-11.0.13_8\bin\java.dll
0x00007ff916e50000 - 0x00007ff916e5a000 	D:\Program Files\OpenJDK\openjdk-11.0.13_8\bin\jimage.dll
0x00007ff8f5670000 - 0x00007ff8f5687000 	D:\Program Files\OpenJDK\openjdk-11.0.13_8\bin\zip.dll
0x00007ff927de0000 - 0x00007ff928524000 	C:\WINDOWS\System32\SHELL32.dll
0x00007ff925100000 - 0x00007ff925894000 	C:\WINDOWS\SYSTEM32\windows.storage.dll
0x00007ff928bc0000 - 0x00007ff928f14000 	C:\WINDOWS\System32\combase.dll
0x00007ff9269e0000 - 0x00007ff926a0c000 	C:\WINDOWS\SYSTEM32\Wldp.dll
0x00007ff928530000 - 0x00007ff9285dd000 	C:\WINDOWS\System32\SHCORE.dll
0x00007ff928b60000 - 0x00007ff928bb5000 	C:\WINDOWS\System32\shlwapi.dll
0x00007ff926fa0000 - 0x00007ff926fbf000 	C:\WINDOWS\SYSTEM32\profapi.dll
0x00007ff8eb5e0000 - 0x00007ff8eb5f9000 	D:\Program Files\OpenJDK\openjdk-11.0.13_8\bin\net.dll
0x00007ff9208f0000 - 0x00007ff9209fa000 	C:\WINDOWS\SYSTEM32\WINHTTP.dll
0x00007ff9267c0000 - 0x00007ff92682a000 	C:\WINDOWS\system32\mswsock.dll
0x00007ff8eafa0000 - 0x00007ff8eafb3000 	D:\Program Files\OpenJDK\openjdk-11.0.13_8\bin\nio.dll

dbghelp: loaded successfully - version: 4.0.5 - missing functions: none
symbol engine: initialized successfully - sym options: 0x614 - pdb path: .;D:\Program Files\OpenJDK\openjdk-11.0.13_8\bin;C:\WINDOWS\SYSTEM32;C:\WINDOWS\WinSxS\amd64_microsoft.windows.common-controls_6595b64144ccf1df_6.0.19041.1110_none_60b5254171f9507e;D:\Program Files\OpenJDK\openjdk-11.0.13_8\bin\server

VM Arguments:
java_command: org.jetbrains.kotlin.cli.jvm.K2JVMCompiler @D:\Data\workspace\doroos\doroos-app\mobileapp\node_modules\react-native-screens\android\build\20220527_15455976036197952553.compiler.options
java_class_path (initial): C:\Users\khiar\.gradle\caches\modules-2\files-2.1\org.jetbrains.kotlin\kotlin-compiler-embeddable\1.4.10\38c4b99d5d5362debdd9302a866730379aa2328a\kotlin-compiler-embeddable-1.4.10.jar;C:\Users\khiar\.gradle\caches\modules-2\files-2.1\org.jetbrains.kotlin\kotlin-reflect\1.4.10\e2b3c6695eee6085e606d96d685396dce23a3a06\kotlin-reflect-1.4.10.jar;C:\Users\khiar\.gradle\caches\modules-2\files-2.1\org.jetbrains.kotlin\kotlin-stdlib\1.4.10\ea29e063d2bbe695be13e9d044dcfb0c7add398e\kotlin-stdlib-1.4.10.jar;C:\Users\khiar\.gradle\caches\modules-2\files-2.1\org.jetbrains.kotlin\kotlin-script-runtime\1.4.10\7c19d9c2001e016cd7664cebe9eea66fc04a7f4f\kotlin-script-runtime-1.4.10.jar;C:\Users\khiar\.gradle\caches\modules-2\files-2.1\org.jetbrains.kotlin\kotlin-daemon-embeddable\1.4.10\dbd67f42bed28043d17d7c860b06110a00a45970\kotlin-daemon-embeddable-1.4.10.jar;C:\Users\khiar\.gradle\caches\modules-2\files-2.1\org.jetbrains.intellij.deps\trove4j\1.0.20181211\216c2e14b070f334479d800987affe4054cd563f\trove4j-1.0.20181211.jar;C:\Users\khiar\.gradle\caches\modules-2\files-2.1\org.jetbrains.kotlin\kotlin-stdlib-common\1.4.10\6229be3465805c99db1142ad75e6c6ddeac0b04c\kotlin-stdlib-common-1.4.10.jar;C:\Users\khiar\.gradle\caches\modules-2\files-2.1\org.jetbrains\annotations\13.0\919f0dfe192fb4e063e7dacadee7f8bb9a2672a9\annotations-13.0.jar
Launcher Type: SUN_STANDARD

[Global flags]
     intx CICompilerCount                          = 4                                         {product} {ergonomic}
     uint ConcGCThreads                            = 3                                         {product} {ergonomic}
     uint G1ConcRefinementThreads                  = 10                                        {product} {ergonomic}
   size_t G1HeapRegionSize                         = 1048576                                   {product} {ergonomic}
    uintx GCDrainStackTargetSize                   = 64                                        {product} {ergonomic}
   size_t InitialHeapSize                          = 266338304                                 {product} {ergonomic}
   size_t MarkStackSize                            = 4194304                                   {product} {ergonomic}
   size_t MaxHeapSize                              = 4261412864                                {product} {ergonomic}
   size_t MaxNewSize                               = 2556428288                                {product} {ergonomic}
   size_t MinHeapDeltaBytes                        = 1048576                                   {product} {ergonomic}
    uintx NonNMethodCodeHeapSize                   = 5836300                                {pd product} {ergonomic}
    uintx NonProfiledCodeHeapSize                  = 122910970                              {pd product} {ergonomic}
    uintx ProfiledCodeHeapSize                     = 122910970                              {pd product} {ergonomic}
    uintx ReservedCodeCacheSize                    = 251658240                              {pd product} {ergonomic}
     bool SegmentedCodeCache                       = true                                      {product} {ergonomic}
     bool UseCompressedClassPointers               = true                                 {lp64_product} {ergonomic}
     bool UseCompressedOops                        = true                                 {lp64_product} {ergonomic}
     bool UseG1GC                                  = true                                      {product} {ergonomic}
     bool UseLargePagesIndividualAllocation        = false                                  {pd product} {ergonomic}

Logging:
Log output configuration:
 #0: stdout all=warning uptime,level,tags
 #1: stderr all=off uptime,level,tags

Environment Variables:
JAVA_HOME=D:\Program Files\OpenJDK\openjdk-11.0.13_8
CLASSPATH=D:\Data\workspace\doroos\doroos-app\mobileapp\android\\gradle\wrapper\gradle-wrapper.jar
PATH=D:\Program Files\Python310\Scripts\;D:\Program Files\Python310\;C:\Program Files (x86)\Common Files\Intel\Shared Libraries\redist\intel64\compiler;C:\Program Files (x86)\NVIDIA Corporation\PhysX\Common;C:\ProgramData\Boxstarter;D:\Oracle\app\oracle\product\11.2.0\server\bin;C:\Users\khiar\AppData\Local\Android\Sdk\platform-tools;D:\Program Files\Python39\Scripts\;D:\Program Files\Python39\;D:\Program Files\Java\jdk-15\bin;D:\Program Files (x86)\Common Files\Oracle\Java\javapath;D:\WINDOWS.X64_193000_db_home\bin;C:\Users\khiar\Documents\EGDownloads\WINDOWS.X64_193000_db_home\bin;D:\Program Files\Common Files\Oracle\Java\javapath;C:\Program Files (x86)\Common Files\Oracle\Java\javapath;C:\WINDOWS\system32;C:\WINDOWS;C:\WINDOWS\System32\Wbem;C:\WINDOWS\System32\WindowsPowerShell\v1.0\;C:\WINDOWS\System32\OpenSSH\;C:\Program Files\NVIDIA Corporation\NVIDIA NvDLISR;D:\Program Files\Git\cmd;D:\flutter\bin;D:\Program Files\MongoDB\Server\4.4\bin;D:\Program Files\PuTTY\;C:\ProgramData\chocolatey\bin;D:\Program Files\OpenJDK\openjdk-8u282-b08\bin;D:\Program Files\apache-maven-3.6.3\bin;D:\Program Files\dotnet\;D:\Program Files\Microsoft SQL Server\Client SDK\ODBC\170\Tools\Binn\;C:\Program Files (x86)\Microsoft SQL Server\150\DTS\Binn\;D:\Program Files\Azure Data Studio\bin;D:\xampp\mysql\bin;D:\xampp\php;C:\ProgramData\ComposerSetup\bin;D:\Program Files\OpenJDK\openjdk-11.0.13_8\bin;C:\Program Files (x86)\Microsoft SQL Server\150\Tools\Binn\;D:\Program Files\Microsoft SQL Server\150\Tools\Binn\;D:\Program Files\Microsoft SQL Server\150\DTS\Binn\;C:\Program Files (x86)\dotnet\;D:\Program Files\Docker\Docker\resources\bin;C:\ProgramData\DockerDesktop\version-bin;D:\Users\khiar\AppData\Roaming\nvm;D:\Program Files\nodejs;C:\Users\khiar\AppData\Local\Android\Sdk\platform-tools;D:\Program Files\Java\jdk-15\bin;D:\Users\khiar\anaconda3;D:\Users\khiar\anaconda3\Library\mingw-w64\bin;D:\Users\khiar\anaconda3\Library\usr\bin;D:\Users\khiar\anaconda3\Library\bin;D:\Users\khiar\anac
USERNAME=khiar
LANG=en_US.UTF-8
OS=Windows_NT
PROCESSOR_IDENTIFIER=Intel64 Family 6 Model 165 Stepping 2, GenuineIntel



---------------  S Y S T E M  ---------------

OS: Windows 10 , 64 bit Build 19041 (10.0.19041.1706)
OS uptime: 2 days 7:33 hours
Hyper-V role detected

CPU:total 12 (initial active 12) (6 cores per cpu, 2 threads per core) family 6 model 165 stepping 2 microcode 0xc8, cmov, cx8, fxsr, mmx, sse, sse2, sse3, ssse3, sse4.1, sse4.2, popcnt, avx, avx2, aes, clmul, erms, 3dnowpref, lzcnt, ht, tsc, tscinvbit, bmi1, bmi2, adx, fma

Memory: 4k page, system-wide physical 16252M (4173M free)
TotalPageFile size 23840M (AvailPageFile size 5M)
current process WorkingSet (physical memory assigned to process): 327M, peak: 327M
current process commit charge ("private bytes"): 493M, peak: 497M

vm_info: OpenJDK 64-Bit Server VM (11.0.13+8) for windows-amd64 JRE (11.0.13+8), built on Oct  8 2021 16:28:06 by "" with MS VC++ 15.5 (VS2017)

END.
